<?xml version="1.0" encoding="UTF-8"?>
<!-- Generated by org.testng.reporters.JUnitXMLReporter -->
<testsuite hostname="Bipin-HP" ignored="0" name="Default test" tests="4" failures="0" timestamp="27 Aug 2018 16:43:53 GMT" time="72.771" errors="0">
  <testcase name="createLead" time="3.987" classname="org.testcases.pack.CreateLead"/>
  <testcase name="createLead" time="3.784" classname="org.testcases.pack.CreateLead"/>
  <testcase name="createLead" time="5.509" classname="org.testcases.pack.CreateLead"/>
  <testcase name="createLead" time="7.323" classname="org.testcases.pack.CreateLead"/>
</testsuite> <!-- Default test -->
