<?xml version="1.0" encoding="UTF-8"?>
<testng-results skipped="0" failed="0" ignored="0" total="4" passed="4">
  <reporter-output>
  </reporter-output>
  <suite name="Default suite" duration-ms="72771" started-at="2018-08-27T16:42:40Z" finished-at="2018-08-27T16:43:53Z">
    <groups>
    </groups>
    <test name="Default test" duration-ms="72771" started-at="2018-08-27T16:42:40Z" finished-at="2018-08-27T16:43:53Z">
      <class name="org.testcases.pack.CreateLead">
        <test-method status="PASS" signature="startreport()[pri:0, instance:org.testcases.pack.CreateLead@5abca1e0]" name="startreport" is-config="true" duration-ms="225" started-at="2018-08-27T16:42:40Z" finished-at="2018-08-27T16:42:40Z">
          <reporter-output>
          </reporter-output>
        </test-method> <!-- startreport -->
        <test-method status="PASS" signature="setdata()[pri:0, instance:org.testcases.pack.CreateLead@5abca1e0]" name="setdata" is-config="true" duration-ms="0" started-at="2018-08-27T16:42:40Z" finished-at="2018-08-27T16:42:40Z">
          <reporter-output>
          </reporter-output>
        </test-method> <!-- setdata -->
        <test-method status="PASS" signature="atreport()[pri:0, instance:org.testcases.pack.CreateLead@5abca1e0]" name="atreport" is-config="true" duration-ms="11" started-at="2018-08-27T16:42:41Z" finished-at="2018-08-27T16:42:41Z">
          <reporter-output>
          </reporter-output>
        </test-method> <!-- atreport -->
        <test-method status="PASS" signature="login()[pri:0, instance:org.testcases.pack.CreateLead@5abca1e0]" name="login" is-config="true" duration-ms="11144" started-at="2018-08-27T16:42:41Z" finished-at="2018-08-27T16:42:52Z">
          <reporter-output>
          </reporter-output>
        </test-method> <!-- login -->
        <test-method status="PASS" signature="createLead(java.lang.String, java.lang.String, java.lang.String, java.lang.String, java.lang.String, java.lang.String)[pri:0, instance:org.testcases.pack.CreateLead@5abca1e0]" name="createLead" duration-ms="3987" started-at="2018-08-27T16:42:52Z" data-provider="getdata" finished-at="2018-08-27T16:42:56Z">
          <params>
            <param index="0">
              <value>
                <![CDATA[CTS]]>
              </value>
            </param>
            <param index="1">
              <value>
                <![CDATA[Aswin]]>
              </value>
            </param>
            <param index="2">
              <value>
                <![CDATA[Cold Call]]>
              </value>
            </param>
            <param index="3">
              <value>
                <![CDATA[Affiliate Sites]]>
              </value>
            </param>
            <param index="4">
              <value>
                <![CDATA[7894561323]]>
              </value>
            </param>
            <param index="5">
              <value>
                <![CDATA[aswin@gmail.com]]>
              </value>
            </param>
          </params>
          <reporter-output>
          </reporter-output>
        </test-method> <!-- createLead -->
        <test-method status="PASS" signature="atreport()[pri:0, instance:org.testcases.pack.CreateLead@5abca1e0]" name="atreport" is-config="true" duration-ms="1" started-at="2018-08-27T16:42:56Z" finished-at="2018-08-27T16:42:56Z">
          <reporter-output>
          </reporter-output>
        </test-method> <!-- atreport -->
        <test-method status="PASS" signature="login()[pri:0, instance:org.testcases.pack.CreateLead@5abca1e0]" name="login" is-config="true" duration-ms="14286" started-at="2018-08-27T16:42:56Z" finished-at="2018-08-27T16:43:10Z">
          <reporter-output>
          </reporter-output>
        </test-method> <!-- login -->
        <test-method status="PASS" signature="createLead(java.lang.String, java.lang.String, java.lang.String, java.lang.String, java.lang.String, java.lang.String)[pri:0, instance:org.testcases.pack.CreateLead@5abca1e0]" name="createLead" duration-ms="3784" started-at="2018-08-27T16:43:10Z" data-provider="getdata" finished-at="2018-08-27T16:43:14Z">
          <params>
            <param index="0">
              <value>
                <![CDATA[tata]]>
              </value>
            </param>
            <param index="1">
              <value>
                <![CDATA[Yuvaraj]]>
              </value>
            </param>
            <param index="2">
              <value>
                <![CDATA[Conference]]>
              </value>
            </param>
            <param index="3">
              <value>
                <![CDATA[Automobile]]>
              </value>
            </param>
            <param index="4">
              <value>
                <![CDATA[7894561324]]>
              </value>
            </param>
            <param index="5">
              <value>
                <![CDATA[yuvaraj@gmail.com]]>
              </value>
            </param>
          </params>
          <reporter-output>
          </reporter-output>
        </test-method> <!-- createLead -->
        <test-method status="PASS" signature="atreport()[pri:0, instance:org.testcases.pack.CreateLead@5abca1e0]" name="atreport" is-config="true" duration-ms="1" started-at="2018-08-27T16:43:14Z" finished-at="2018-08-27T16:43:14Z">
          <reporter-output>
          </reporter-output>
        </test-method> <!-- atreport -->
        <test-method status="PASS" signature="login()[pri:0, instance:org.testcases.pack.CreateLead@5abca1e0]" name="login" is-config="true" duration-ms="10595" started-at="2018-08-27T16:43:14Z" finished-at="2018-08-27T16:43:25Z">
          <reporter-output>
          </reporter-output>
        </test-method> <!-- login -->
        <test-method status="PASS" signature="createLead(java.lang.String, java.lang.String, java.lang.String, java.lang.String, java.lang.String, java.lang.String)[pri:0, instance:org.testcases.pack.CreateLead@5abca1e0]" name="createLead" duration-ms="5509" started-at="2018-08-27T16:43:25Z" data-provider="getdata" finished-at="2018-08-27T16:43:30Z">
          <params>
            <param index="0">
              <value>
                <![CDATA[infosys]]>
              </value>
            </param>
            <param index="1">
              <value>
                <![CDATA[Manju]]>
              </value>
            </param>
            <param index="2">
              <value>
                <![CDATA[Direct Mail]]>
              </value>
            </param>
            <param index="3">
              <value>
                <![CDATA[Car and Driver]]>
              </value>
            </param>
            <param index="4">
              <value>
                <![CDATA[7894561325]]>
              </value>
            </param>
            <param index="5">
              <value>
                <![CDATA[manju@gmail.com]]>
              </value>
            </param>
          </params>
          <reporter-output>
          </reporter-output>
        </test-method> <!-- createLead -->
        <test-method status="PASS" signature="login()[pri:0, instance:org.testcases.pack.CreateLead@5abca1e0]" name="login" is-config="true" duration-ms="15306" started-at="2018-08-27T16:43:30Z" finished-at="2018-08-27T16:43:46Z">
          <reporter-output>
          </reporter-output>
        </test-method> <!-- login -->
        <test-method status="PASS" signature="atreport()[pri:0, instance:org.testcases.pack.CreateLead@5abca1e0]" name="atreport" is-config="true" duration-ms="0" started-at="2018-08-27T16:43:30Z" finished-at="2018-08-27T16:43:30Z">
          <reporter-output>
          </reporter-output>
        </test-method> <!-- atreport -->
        <test-method status="PASS" signature="createLead(java.lang.String, java.lang.String, java.lang.String, java.lang.String, java.lang.String, java.lang.String)[pri:0, instance:org.testcases.pack.CreateLead@5abca1e0]" name="createLead" duration-ms="7323" started-at="2018-08-27T16:43:46Z" data-provider="getdata" finished-at="2018-08-27T16:43:53Z">
          <params>
            <param index="0">
              <value>
                <![CDATA[TechM]]>
              </value>
            </param>
            <param index="1">
              <value>
                <![CDATA[Manjula]]>
              </value>
            </param>
            <param index="2">
              <value>
                <![CDATA[Existing Customer]]>
              </value>
            </param>
            <param index="3">
              <value>
                <![CDATA[Catalog Generating Marketing Campaigns]]>
              </value>
            </param>
            <param index="4">
              <value>
                <![CDATA[7894561326]]>
              </value>
            </param>
            <param index="5">
              <value>
                <![CDATA[manjula@gmail.com]]>
              </value>
            </param>
          </params>
          <reporter-output>
          </reporter-output>
        </test-method> <!-- createLead -->
        <test-method status="PASS" signature="flushreport()[pri:0, instance:org.testcases.pack.CreateLead@5abca1e0]" name="flushreport" is-config="true" duration-ms="898" started-at="2018-08-27T16:43:53Z" finished-at="2018-08-27T16:43:54Z">
          <reporter-output>
          </reporter-output>
        </test-method> <!-- flushreport -->
      </class> <!-- org.testcases.pack.CreateLead -->
    </test> <!-- Default test -->
  </suite> <!-- Default suite -->
</testng-results>
